[0mGET /LogoMakr_1Igl02.png [33m404 [0m5.618 ms - 257[0m
[0mGET /LogoMakr_1Igl02.png [33m404 [0m5.948 ms - 257[0m
[0mGET /LogoMakr_1Igl02.png [33m404 [0m5.105 ms - 257[0m
[0mGET /LogoMakr_1Igl02.png [33m404 [0m0.746 ms - 257[0m
[0mGET /LogoMakr_1Igl02.png [33m404 [0m0.462 ms - 257[0m
[0mGET /LogoMakr_1Igl02.png [33m404 [0m0.281 ms - 257[0m
[0mGET /LogoMakr_1Igl02.png [33m404 [0m0.312 ms - 257[0m
[0mGET /LogoMakr_1Igl02.png [33m404 [0m0.381 ms - 257[0m
[0mGET /LogoMakr_1Igl02.png [33m404 [0m0.307 ms - 257[0m
[0mGET /LogoMakr_1Igl02.png [33m404 [0m0.400 ms - 257[0m
[0mGET /LogoMakr_1Igl02.png [33m404 [0m0.388 ms - 257[0m
[0mGET /LogoMakr_1Igl02.png [33m404 [0m4.468 ms - 252[0m
[0mGET /LogoMakr_1Igl02.png [33m404 [0m0.910 ms - 252[0m
[0mGET /LogoMakr_1Igl02.png [33m404 [0m0.313 ms - 252[0m
[0mGET /LogoMakr_1Igl02.png [33m404 [0m0.417 ms - 252[0m
[0mGET /LogoMakr_1Igl02.png [33m404 [0m0.514 ms - 252[0m
[0mGET /LogoMakr_1Igl02.png [33m404 [0m0.322 ms - 252[0m
[0mGET /LogoMakr_1Igl02.png [33m404 [0m0.328 ms - 252[0m
[0mGET /LogoMakr_1Igl02.png [33m404 [0m0.272 ms - 252[0m
[0mGET /LogoMakr_1Igl02.png [33m404 [0m0.315 ms - 252[0m
[0mGET /LogoMakr_1Igl02.png [33m404 [0m0.310 ms - 252[0m
[0mGET /LogoMakr_1Igl02.png [33m404 [0m3.770 ms - 252[0m
[0mGET /LogoMakr_1Igl02.png [33m404 [0m0.661 ms - 252[0m
[0mGET /LogoMakr_1Igl02.png [33m404 [0m0.808 ms - 252[0m
[0mGET /LogoMakr_1Igl02.png [33m404 [0m0.322 ms - 252[0m
[0mGET /LogoMakr_1Igl02.png [33m404 [0m0.328 ms - 252[0m
[0mGET /LogoMakr_1Igl02.png [33m404 [0m0.318 ms - 252[0m
[0mGET /LogoMakr_1Igl02.png [33m404 [0m0.355 ms - 252[0m
[0mGET /LogoMakr_1Igl02.png [33m404 [0m0.342 ms - 252[0m
[0mGET /LogoMakr_1Igl02.png [33m404 [0m4.990 ms - 252[0m
[0mPOST /api/users/authenticate [32m200 [0m50.494 ms - 50[0m
[0mGET /LogoMakr_1Igl02.png [33m404 [0m0.587 ms - 252[0m
[0mGET /LogoMakr_1Igl02.png [33m404 [0m0.335 ms - 252[0m
[0mGET /LogoMakr_1Igl02.png [33m404 [0m0.380 ms - 252[0m
[0mGET /LogoMakr_1Igl02.png [33m404 [0m0.295 ms - 252[0m
[0mGET /LogoMakr_1Igl02.png [33m404 [0m3.354 ms - 251[0m
[0mGET /LogoMakr_1Igl02.png [33m404 [0m0.682 ms - 251[0m
[0mGET /LogoMakr_1Igl02.png [33m404 [0m0.556 ms - 251[0m
[0mGET /LogoMakr_1Igl02.png [33m404 [0m0.330 ms - 251[0m
[0mGET /LogoMakr_1Igl02.png [33m404 [0m0.380 ms - 251[0m
[0mGET /LogoMakr_1Igl02.png [33m404 [0m3.960 ms - 251[0m
[0mGET /api/ [33m404 [0m0.609 ms - 251[0m
[0mGET /service-worker.js [33m404 [0m0.398 ms - 251[0m
[0mGET /api/users [32m200 [0m13.177 ms - 155[0m
[0mGET /api/users [36m304 [0m3.036 ms - -[0m
[0mGET /service-worker.js [33m404 [0m0.372 ms - 251[0m
[0mGET /service-worker.js [33m404 [0m0.419 ms - 251[0m
[0mGET /api/users [36m304 [0m1.489 ms - -[0m
[0mGET /service-worker.js [33m404 [0m0.426 ms - 251[0m
[0mGET /LogoMakr_1Igl02.png [33m404 [0m3.955 ms - 251[0m
[0mPOST /api/users/ [32m200 [0m51.901 ms - 30[0m
[0mGET /api/users [32m200 [0m8.073 ms - 311[0m
[0mGET /service-worker.js [33m404 [0m0.760 ms - 251[0m
[0mGET /LogoMakr_1Igl02.png [33m404 [0m0.330 ms - 251[0m
[0mPOST /api/users/authenticate [32m200 [0m25.524 ms - 264[0m
[0mGET /LogoMakr_1Igl02.png [33m404 [0m0.290 ms - 251[0m
[0mGET /LogoMakr_1Igl02.png [33m404 [0m0.338 ms - 251[0m
[0mGET /LogoMakr_1Igl02.png [33m404 [0m0.272 ms - 251[0m
[0mGET /LogoMakr_1Igl02.png [33m404 [0m3.491 ms - 251[0m
[0mGET /LogoMakr_1Igl02.png [33m404 [0m0.633 ms - 251[0m
[0mPOST /api/users/ [32m200 [0m49.171 ms - 30[0m
[0mGET /LogoMakr_1Igl02.png [33m404 [0m0.350 ms - 251[0m
[0mPOST /api/users/authenticate [32m200 [0m30.302 ms - 264[0m
[0mGET /LogoMakr_1Igl02.png [33m404 [0m0.447 ms - 251[0m
[0mGET /api/products [32m200 [0m2.910 ms - 2[0m
[0mGET /api/products [36m304 [0m1.317 ms - -[0m
[0mGET /service-worker.js [33m404 [0m0.375 ms - 251[0m
[0mGET /service-worker.js [33m404 [0m0.394 ms - 251[0m
[0mGET /api/products [36m304 [0m8.402 ms - -[0m
[0mGET /service-worker.js [33m404 [0m3.266 ms - 251[0m
[0mGET /LogoMakr_1Igl02.png [33m404 [0m0.709 ms - 251[0m
[0mGET /LogoMakr_1Igl02.png [33m404 [0m0.347 ms - 251[0m
[0mGET /service-worker.js [33m404 [0m0.486 ms - 251[0m
[0mGET /LogoMakr_1Igl02.png [33m404 [0m5.262 ms - 251[0m
[0mGET /api/products [36m304 [0m8.151 ms - -[0m
[0mGET /service-worker.js [33m404 [0m0.693 ms - 251[0m
[0mGET /service-worker.js [33m404 [0m0.541 ms - 251[0m
[0mGET /api/ [33m404 [0m3.812 ms - 251[0m
[0mGET /service-worker.js [33m404 [0m0.615 ms - 251[0m
[0mGET /api/users [36m304 [0m11.774 ms - -[0m
[0mGET /api/users [36m304 [0m2.791 ms - -[0m
[0mGET /service-worker.js [33m404 [0m0.732 ms - 251[0m
[0mGET /service-worker.js [33m404 [0m0.755 ms - 251[0m
[0mGET /api/users/products [32m200 [0m2.712 ms - 2[0m
[0mGET /service-worker.js [33m404 [0m0.423 ms - 251[0m
[0mGET /service-worker.js [33m404 [0m0.405 ms - 251[0m
[0mGET /api/users [36m304 [0m2.391 ms - -[0m
[0mGET /service-worker.js [33m404 [0m0.414 ms - 251[0m
[0mGET /api/users [32m200 [0m48.743 ms - 2[0m
[0mGET /service-worker.js [33m404 [0m2.631 ms - 251[0m
[0mGET /api/products [32m200 [0m48.692 ms - 3535[0m
[0mGET /service-worker.js [33m404 [0m0.551 ms - 251[0m
[0mGET /LogoMakr_1Igl02.png [33m404 [0m0.624 ms - 251[0m
[0mGET /LogoMakr_1Igl02.png [33m404 [0m0.431 ms - 251[0m
[0mGET /LogoMakr_1Igl02.png [33m404 [0m0.320 ms - 251[0m
[0mGET /LogoMakr_1Igl02.png [33m404 [0m0.428 ms - 251[0m
[0mGET /LogoMakr_1Igl02.png [33m404 [0m0.326 ms - 251[0m
[0mGET /api/products [36m304 [0m42.784 ms - -[0m
[0mGET /service-worker.js [33m404 [0m1.091 ms - 251[0m
[0mGET /api/products [36m304 [0m39.004 ms - -[0m
[0mGET /service-worker.js [33m404 [0m0.392 ms - 251[0m
[0mGET /api/products [36m304 [0m55.823 ms - -[0m
[0mGET /service-worker.js [33m404 [0m3.048 ms - 251[0m
[0mGET /LogoMakr_1Igl02.png [33m404 [0m6.006 ms - 251[0m
[0mGET /LogoMakr_1Igl02.png [33m404 [0m0.604 ms - 251[0m
[0mGET /service-worker.js [33m404 [0m0.529 ms - 251[0m
[0mGET /LogoMakr_1Igl02.png [33m404 [0m3.177 ms - 251[0m
[0mGET /LogoMakr_1Igl02.png [33m404 [0m0.546 ms - 251[0m
[0mGET /api/products [36m304 [0m272.570 ms - -[0m
[0mGET /api/products [36m304 [0m306.316 ms - -[0m
[0mGET /LogoMakr_1Igl02.png [33m404 [0m6.330 ms - 251[0m
[0mGET /LogoMakr_1Igl02.png [33m404 [0m4.224 ms - 251[0m
[0mGET /api/products [36m304 [0m202.380 ms - -[0m
[0mGET /api/products [36m304 [0m233.192 ms - -[0m
[0mGET /LogoMakr_1Igl02.png [33m404 [0m0.364 ms - 251[0m
[0mGET /api/products [36m304 [0m39.543 ms - -[0m
[0mGET /LogoMakr_1Igl02.png [33m404 [0m8.384 ms - 251[0m
[0mGET /LogoMakr_1Igl02.png [33m404 [0m3.492 ms - 251[0m
[0mGET /LogoMakr_1Igl02.png [33m404 [0m4.755 ms - 251[0m
[0mGET /LogoMakr_1Igl02.png [33m404 [0m0.839 ms - 251[0m
[0mGET /api/products [36m304 [0m379.881 ms - -[0m
[0mGET /api/products [36m304 [0m242.680 ms - -[0m
[0mGET /LogoMakr_1Igl02.png [33m404 [0m9.784 ms - 251[0m
[0mGET /LogoMakr_1Igl02.png [33m404 [0m0.422 ms - 251[0m
[0mGET /api/products [36m304 [0m152.442 ms - -[0m
[0mGET /api/products [36m304 [0m739.957 ms - -[0m
[0mGET /LogoMakr_1Igl02.png [33m404 [0m5.995 ms - 251[0m
[0mGET /LogoMakr_1Igl02.png [33m404 [0m0.411 ms - 251[0m
[0mGET /api/products [36m304 [0m333.646 ms - -[0m
[0mGET /api/products [36m304 [0m252.877 ms - -[0m
[0mGET /LogoMakr_1Igl02.png [33m404 [0m11.654 ms - 251[0m
[0mGET /LogoMakr_1Igl02.png [33m404 [0m0.435 ms - 251[0m
[0mGET /api/products [36m304 [0m359.805 ms - -[0m
[0mGET /api/products [36m304 [0m204.563 ms - -[0m
[0mGET /LogoMakr_1Igl02.png [33m404 [0m3.667 ms - 254[0m
[0mGET /LogoMakr_1Igl02.png [33m404 [0m1.147 ms - 254[0m
[0mPOST /api/users/authenticate [32m200 [0m48.043 ms - 50[0m
[0mGET /LogoMakr_1Igl02.png [33m404 [0m0.379 ms - 254[0m
[0mGET /LogoMakr_1Igl02.png [33m404 [0m0.711 ms - 254[0m
[0mPOST /api/users/ [32m200 [0m96.687 ms - 294[0m
[0mGET /LogoMakr_1Igl02.png [33m404 [0m0.309 ms - 254[0m
[0mGET /api/products [32m200 [0m55.218 ms - 3535[0m
[0mGET /LogoMakr_1Igl02.png [33m404 [0m0.292 ms - 254[0m
[0mGET /api/products [36m304 [0m67.817 ms - -[0m
[0mGET /LogoMakr_1Igl02.png [33m404 [0m0.622 ms - 254[0m
[0mGET /LogoMakr_1Igl02.png [33m404 [0m0.322 ms - 254[0m
[0mGET /LogoMakr_1Igl02.png [33m404 [0m0.449 ms - 254[0m
[0mGET /api/products [36m304 [0m64.798 ms - -[0m
[0mGET /LogoMakr_1Igl02.png [33m404 [0m0.313 ms - 254[0m
[0mPOST /api/users/ [32m200 [0m95.895 ms - 260[0m
[0mGET /LogoMakr_1Igl02.png [33m404 [0m0.268 ms - 254[0m
[0mGET /api/products [36m304 [0m49.534 ms - -[0m
[0mGET /LogoMakr_1Igl02.png [33m404 [0m0.426 ms - 254[0m
[0mGET /LogoMakr_1Igl02.png [33m404 [0m6.376 ms - 254[0m
[0mGET /LogoMakr_1Igl02.png [33m404 [0m1.025 ms - 254[0m
[0mGET /api/products [36m304 [0m57.911 ms - -[0m
[0mGET /api/productfilter/funartpens [33m404 [0m0.323 ms - 254[0m
[0mGET /api/productfilter/businesspens [33m404 [0m0.426 ms - 254[0m
[0mGET /api/productfilter/funartpens [33m404 [0m0.375 ms - 254[0m
[0mGET /api/prices [33m404 [0m0.332 ms - 254[0m
[0mGET /LogoMakr_1Igl02.png [33m404 [0m0.348 ms - 254[0m
[0mGET /LogoMakr_1Igl02.png [33m404 [0m0.283 ms - 254[0m
[0mGET /api/products [36m304 [0m45.697 ms - -[0m
[0mGET /LogoMakr_1Igl02.png [33m404 [0m0.457 ms - 254[0m
[0mGET /LogoMakr_1Igl02.png [33m404 [0m0.277 ms - 254[0m
[0mGET /api/products [36m304 [0m224.818 ms - -[0m
[0mGET /LogoMakr_1Igl02.png [33m404 [0m0.261 ms - 254[0m
[0mGET /api/products [36m304 [0m55.243 ms - -[0m
[0mGET /LogoMakr_1Igl02.png [33m404 [0m0.286 ms - 254[0m
[0mGET /LogoMakr_1Igl02.png [33m404 [0m0.428 ms - 254[0m
[0mGET /LogoMakr_1Igl02.png [33m404 [0m0.285 ms - 254[0m
[0mGET /api/products [36m304 [0m115.387 ms - -[0m
[0mGET /LogoMakr_1Igl02.png [33m404 [0m0.344 ms - 254[0m
[0mGET /LogoMakr_1Igl02.png [33m404 [0m0.265 ms - 254[0m
[0mGET /api/products [36m304 [0m42.561 ms - -[0m
[0mGET /LogoMakr_1Igl02.png [33m404 [0m0.479 ms - 254[0m
[0mGET /LogoMakr_1Igl02.png [33m404 [0m0.369 ms - 254[0m
[0mGET /LogoMakr_1Igl02.png [33m404 [0m0.405 ms - 254[0m
[0mGET /LogoMakr_1Igl02.png [33m404 [0m0.441 ms - 254[0m
[0mGET /LogoMakr_1Igl02.png [33m404 [0m0.520 ms - 254[0m
[0mGET /LogoMakr_1Igl02.png [33m404 [0m0.300 ms - 254[0m
[0mGET /LogoMakr_1Igl02.png [33m404 [0m0.301 ms - 254[0m
[0mGET /LogoMakr_1Igl02.png [33m404 [0m0.311 ms - 254[0m
[0mGET /LogoMakr_1Igl02.png [33m404 [0m0.271 ms - 254[0m
[0mGET /LogoMakr_1Igl02.png [33m404 [0m0.338 ms - 254[0m
[0mGET /LogoMakr_1Igl02.png [33m404 [0m0.379 ms - 254[0m
[0mGET /LogoMakr_1Igl02.png [33m404 [0m5.118 ms - 252[0m
[0mGET /LogoMakr_1Igl02.png [33m404 [0m0.647 ms - 252[0m
[0mPOST /api/users/ [32m200 [0m110.505 ms - 286[0m
[0mGET /LogoMakr_1Igl02.png [33m404 [0m0.417 ms - 252[0m
[0mGET /api/products [36m304 [0m55.721 ms - -[0m
[0mGET /LogoMakr_1Igl02.png [33m404 [0m0.330 ms - 252[0m
[0mGET /LogoMakr_1Igl02.png [33m404 [0m0.323 ms - 252[0m
[0mGET /LogoMakr_1Igl02.png [33m404 [0m0.441 ms - 252[0m
[0mGET /LogoMakr_1Igl02.png [33m404 [0m0.314 ms - 252[0m
[0mGET /LogoMakr_1Igl02.png [33m404 [0m0.310 ms - 252[0m
[0mGET /LogoMakr_1Igl02.png [33m404 [0m0.313 ms - 252[0m
[0mGET /LogoMakr_1Igl02.png [33m404 [0m0.284 ms - 252[0m
[0mGET /LogoMakr_1Igl02.png [33m404 [0m0.360 ms - 252[0m
[0mGET /LogoMakr_1Igl02.png [33m404 [0m5.626 ms - 252[0m
[0mGET /LogoMakr_1Igl02.png [33m404 [0m0.730 ms - 252[0m
[0mGET /LogoMakr_1Igl02.png [33m404 [0m0.581 ms - 252[0m
[0mGET /LogoMakr_1Igl02.png [33m404 [0m5.937 ms - 252[0m
[0mGET /LogoMakr_1Igl02.png [33m404 [0m0.464 ms - 252[0m
[0mGET /LogoMakr_1Igl02.png [33m404 [0m6.389 ms - 252[0m
[0mGET /LogoMakr_1Igl02.png [33m404 [0m0.475 ms - 252[0m
[0mGET /LogoMakr_1Igl02.png [33m404 [0m0.335 ms - 252[0m
[0mGET /LogoMakr_1Igl02.png [33m404 [0m0.588 ms - 252[0m
[0mPOST /api/users/ [32m200 [0m100.758 ms - 30[0m
[0mGET /LogoMakr_1Igl02.png [33m404 [0m0.373 ms - 252[0m
[0mGET /LogoMakr_1Igl02.png [33m404 [0m0.341 ms - 252[0m
[0mGET /LogoMakr_1Igl02.png [33m404 [0m0.283 ms - 252[0m
[0mGET /LogoMakr_1Igl02.png [33m404 [0m0.306 ms - 252[0m
[0mGET /LogoMakr_1Igl02.png [33m404 [0m0.286 ms - 252[0m
[0mPOST /api/users/authenticate [32m200 [0m77.530 ms - 280[0m
[0mGET /LogoMakr_1Igl02.png [33m404 [0m0.311 ms - 252[0m
[0mGET /LogoMakr_1Igl02.png [33m404 [0m0.789 ms - 252[0m
[0mGET /LogoMakr_1Igl02.png [33m404 [0m0.295 ms - 252[0m
[0mGET /LogoMakr_1Igl02.png [33m404 [0m0.410 ms - 252[0m
[0mGET /LogoMakr_1Igl02.png [33m404 [0m0.323 ms - 252[0m
[0mGET /LogoMakr_1Igl02.png [33m404 [0m0.271 ms - 252[0m
[0mGET /LogoMakr_1Igl02.png [33m404 [0m0.525 ms - 252[0m
[0mGET /LogoMakr_1Igl02.png [33m404 [0m0.562 ms - 252[0m
[0mGET /LogoMakr_1Igl02.png [33m404 [0m0.333 ms - 252[0m
[0mGET /LogoMakr_1Igl02.png [33m404 [0m0.443 ms - 252[0m
[0mGET /LogoMakr_1Igl02.png [33m404 [0m0.419 ms - 252[0m
[0mGET /LogoMakr_1Igl02.png [33m404 [0m0.297 ms - 252[0m
[0mGET /LogoMakr_1Igl02.png [33m404 [0m0.342 ms - 252[0m
[0mPOST /api/users/ [32m200 [0m85.974 ms - 265[0m
[0mGET /LogoMakr_1Igl02.png [33m404 [0m0.255 ms - 252[0m
[0mGET /api/products [36m304 [0m59.595 ms - -[0m
[0mGET /LogoMakr_1Igl02.png [33m404 [0m0.402 ms - 252[0m
[0mGET /LogoMakr_1Igl02.png [33m404 [0m0.291 ms - 252[0m
[0mPOST /api/users/ [32m200 [0m66.055 ms - 265[0m
[0mGET /LogoMakr_1Igl02.png [33m404 [0m0.280 ms - 252[0m
[0mGET /LogoMakr_1Igl02.png [33m404 [0m0.326 ms - 252[0m
[0mGET /LogoMakr_1Igl02.png [33m404 [0m0.293 ms - 252[0m
[0mGET /LogoMakr_1Igl02.png [33m404 [0m0.325 ms - 252[0m
[0mGET /LogoMakr_1Igl02.png [33m404 [0m0.318 ms - 252[0m
[0mGET /LogoMakr_1Igl02.png [33m404 [0m0.286 ms - 252[0m
[0mGET /LogoMakr_1Igl02.png [33m404 [0m0.328 ms - 252[0m
[0mGET /LogoMakr_1Igl02.png [33m404 [0m0.294 ms - 252[0m
[0mGET /LogoMakr_1Igl02.png [33m404 [0m0.310 ms - 252[0m
[0mPOST /api/users/authenticate [32m200 [0m58.804 ms - 251[0m
[0mGET /LogoMakr_1Igl02.png [33m404 [0m0.457 ms - 252[0m
[0mGET /LogoMakr_1Igl02.png [33m404 [0m0.351 ms - 252[0m
[0mGET /LogoMakr_1Igl02.png [33m404 [0m0.288 ms - 252[0m
[0mGET /LogoMakr_1Igl02.png [33m404 [0m0.309 ms - 252[0m
[0mGET /LogoMakr_1Igl02.png [33m404 [0m0.384 ms - 252[0m
[0mGET /LogoMakr_1Igl02.png [33m404 [0m0.302 ms - 252[0m
[0mGET /LogoMakr_1Igl02.png [33m404 [0m0.300 ms - 252[0m
[0mGET /LogoMakr_1Igl02.png [33m404 [0m0.363 ms - 252[0m
[0mGET /LogoMakr_1Igl02.png [33m404 [0m0.272 ms - 252[0m
[0mGET /LogoMakr_1Igl02.png [33m404 [0m0.421 ms - 252[0m
[0mPOST /api/users/authenticate [32m200 [0m57.054 ms - 251[0m
[0mGET /LogoMakr_1Igl02.png [33m404 [0m0.298 ms - 252[0m
[0mGET /LogoMakr_1Igl02.png [33m404 [0m0.424 ms - 252[0m
[0mGET /LogoMakr_1Igl02.png [33m404 [0m0.385 ms - 252[0m
[0mGET /LogoMakr_1Igl02.png [33m404 [0m0.294 ms - 252[0m
[0mGET /LogoMakr_1Igl02.png [33m404 [0m0.285 ms - 252[0m
[0mPOST /api/users/authenticate [32m200 [0m198.364 ms - 50[0m
[0mGET /LogoMakr_1Igl02.png [33m404 [0m0.411 ms - 252[0m
[0mGET /LogoMakr_1Igl02.png [33m404 [0m0.288 ms - 252[0m
[0mGET /LogoMakr_1Igl02.png [33m404 [0m0.405 ms - 252[0m
[0mGET /LogoMakr_1Igl02.png [33m404 [0m0.323 ms - 252[0m
[0mGET /LogoMakr_1Igl02.png [33m404 [0m0.377 ms - 252[0m
[0mGET /LogoMakr_1Igl02.png [33m404 [0m0.523 ms - 252[0m
[0mGET /LogoMakr_1Igl02.png [33m404 [0m0.561 ms - 252[0m
[0mGET /LogoMakr_1Igl02.png [33m404 [0m0.386 ms - 252[0m
[0mGET /LogoMakr_1Igl02.png [33m404 [0m0.296 ms - 252[0m
[0mGET /LogoMakr_1Igl02.png [33m404 [0m0.272 ms - 252[0m
[0mGET /LogoMakr_1Igl02.png [33m404 [0m0.339 ms - 252[0m
[0mGET /LogoMakr_1Igl02.png [33m404 [0m0.323 ms - 252[0m
[0mGET /LogoMakr_1Igl02.png [33m404 [0m1.018 ms - 252[0m
[0mGET /LogoMakr_1Igl02.png [33m404 [0m0.366 ms - 252[0m
[0mGET /LogoMakr_1Igl02.png [33m404 [0m0.458 ms - 252[0m
[0mGET /LogoMakr_1Igl02.png [33m404 [0m0.367 ms - 252[0m
[0mGET /LogoMakr_1Igl02.png [33m404 [0m0.292 ms - 252[0m
[0mGET /LogoMakr_1Igl02.png [33m404 [0m0.321 ms - 252[0m
